f:\mysourcetree\dialogue\dialogue\x64\debug\vc120.pdb
f:\mysourcetree\dialogue\dialogue\x64\debug\qrc_dialogue.obj
f:\mysourcetree\dialogue\dialogue\x64\debug\main.obj
f:\mysourcetree\dialogue\dialogue\x64\debug\dialogue.obj
f:\mysourcetree\dialogue\dialogue\x64\debug\moc_dialogue.obj
f:\mysourcetree\dialogue\dialogue\generatedfiles\qrc_dialogue.cpp
f:\mysourcetree\dialogue\dialogue\generatedfiles\debug\moc_dialogue.cpp
f:\mysourcetree\dialogue\dialogue\generatedfiles\ui_dialogue.h
f:\mysourcetree\dialogue\x64\debug\dialogue.ilk
f:\mysourcetree\dialogue\x64\debug\dialogue.exe
f:\mysourcetree\dialogue\x64\debug\dialogue.pdb
f:\mysourcetree\dialogue\dialogue\x64\debug\dialogue.tlog\cl.command.1.tlog
f:\mysourcetree\dialogue\dialogue\x64\debug\dialogue.tlog\cl.read.1.tlog
f:\mysourcetree\dialogue\dialogue\x64\debug\dialogue.tlog\cl.write.1.tlog
f:\mysourcetree\dialogue\dialogue\x64\debug\dialogue.tlog\custombuild.command.1.tlog
f:\mysourcetree\dialogue\dialogue\x64\debug\dialogue.tlog\custombuild.read.1.tlog
f:\mysourcetree\dialogue\dialogue\x64\debug\dialogue.tlog\custombuild.write.1.tlog
f:\mysourcetree\dialogue\dialogue\x64\debug\dialogue.tlog\link.command.1.tlog
f:\mysourcetree\dialogue\dialogue\x64\debug\dialogue.tlog\link.read.1.tlog
f:\mysourcetree\dialogue\dialogue\x64\debug\dialogue.tlog\link.write.1.tlog
